<?xml version="1.0" encoding="UTF-8"?>
<testng-results ignored="0" total="1" passed="1" failed="0" skipped="0">
  <reporter-output>
  </reporter-output>
  <suite started-at="2019-09-04T12:35:08Z" name="Default suite" finished-at="2019-09-04T12:36:39Z" duration-ms="91344">
    <groups>
    </groups>
    <test started-at="2019-09-04T12:35:08Z" name="Default test" finished-at="2019-09-04T12:36:39Z" duration-ms="91344">
      <class name="testCases.quote">
        <test-method is-config="true" signature="setup()[pri:0, instance:testCases.quote@60099951]" started-at="2019-09-04T12:35:08Z" name="setup" finished-at="2019-09-04T12:35:58Z" duration-ms="50334" status="PASS">
          <reporter-output>
          </reporter-output>
        </test-method> <!-- setup -->
        <test-method signature="customercapture()[pri:0, instance:testCases.quote@60099951]" started-at="2019-09-04T12:35:58Z" name="customercapture" finished-at="2019-09-04T12:36:38Z" duration-ms="39892" status="PASS">
          <reporter-output>
          </reporter-output>
        </test-method> <!-- customercapture -->
        <test-method is-config="true" signature="tearDown()[pri:0, instance:testCases.quote@60099951]" started-at="2019-09-04T12:36:38Z" name="tearDown" finished-at="2019-09-04T12:36:39Z" duration-ms="1101" status="PASS">
          <reporter-output>
          </reporter-output>
        </test-method> <!-- tearDown -->
      </class> <!-- testCases.quote -->
    </test> <!-- Default test -->
  </suite> <!-- Default suite -->
</testng-results>
